<?xml version="1.0" encoding="UTF-8"?>
<testsuites>
  <testsuite name="fastlane.lanes">
    
    
    
      
      <testcase classname="fastlane.lanes" name="0: default_platform" time="0.002452">
        
      </testcase>
    
      
      <testcase classname="fastlane.lanes" name="1: Switch to android assemble_build lane" time="0.003667">
        
      </testcase>
    
      
      <testcase classname="fastlane.lanes" name="2: gradle" time="3.278009">
        
          <failure message="C:/Ruby25-x64/lib/ruby/gems/2.5.0/gems/fastlane-2.104.0/fastlane/lib/fastlane/actions/actions_helper.rb:48:in `execute_action'&#10;C:/Ruby25-x64/lib/ruby/gems/2.5.0/gems/fastlane-2.104.0/fastlane/lib/fastlane/runner.rb:232:in `block in execute_action'&#10;C:/Ruby25-x64/lib/ruby/gems/2.5.0/gems/fastlane-2.104.0/fastlane/lib/fastlane/runner.rb:227:in `chdir'&#10;C:/Ruby25-x64/lib/ruby/gems/2.5.0/gems/fastlane-2.104.0/fastlane/lib/fastlane/runner.rb:227:in `execute_action'&#10;C:/Ruby25-x64/lib/ruby/gems/2.5.0/gems/fastlane-2.104.0/fastlane/lib/fastlane/runner.rb:157:in `trigger_action_by_name'&#10;C:/Ruby25-x64/lib/ruby/gems/2.5.0/gems/fastlane-2.104.0/fastlane/lib/fastlane/fast_file.rb:149:in `method_missing'&#10;Fastfile:34:in `block (2 levels) in parsing_binding'&#10;C:/Ruby25-x64/lib/ruby/gems/2.5.0/gems/fastlane-2.104.0/fastlane/lib/fastlane/lane.rb:33:in `call'&#10;C:/Ruby25-x64/lib/ruby/gems/2.5.0/gems/fastlane-2.104.0/fastlane/lib/fastlane/runner.rb:204:in `try_switch_to_lane'&#10;C:/Ruby25-x64/lib/ruby/gems/2.5.0/gems/fastlane-2.104.0/fastlane/lib/fastlane/runner.rb:146:in `trigger_action_by_name'&#10;C:/Ruby25-x64/lib/ruby/gems/2.5.0/gems/fastlane-2.104.0/fastlane/lib/fastlane/fast_file.rb:149:in `method_missing'&#10;Fastfile:79:in `block (2 levels) in parsing_binding'&#10;C:/Ruby25-x64/lib/ruby/gems/2.5.0/gems/fastlane-2.104.0/fastlane/lib/fastlane/lane.rb:33:in `call'&#10;C:/Ruby25-x64/lib/ruby/gems/2.5.0/gems/fastlane-2.104.0/fastlane/lib/fastlane/runner.rb:49:in `block in execute'&#10;C:/Ruby25-x64/lib/ruby/gems/2.5.0/gems/fastlane-2.104.0/fastlane/lib/fastlane/runner.rb:45:in `chdir'&#10;C:/Ruby25-x64/lib/ruby/gems/2.5.0/gems/fastlane-2.104.0/fastlane/lib/fastlane/runner.rb:45:in `execute'&#10;C:/Ruby25-x64/lib/ruby/gems/2.5.0/gems/fastlane-2.104.0/fastlane/lib/fastlane/lane_manager.rb:56:in `cruise_lane'&#10;C:/Ruby25-x64/lib/ruby/gems/2.5.0/gems/fastlane-2.104.0/fastlane/lib/fastlane/command_line_handler.rb:36:in `handle'&#10;C:/Ruby25-x64/lib/ruby/gems/2.5.0/gems/fastlane-2.104.0/fastlane/lib/fastlane/commands_generator.rb:108:in `block (2 levels) in run'&#10;C:/Ruby25-x64/lib/ruby/gems/2.5.0/gems/commander-fastlane-4.4.6/lib/commander/command.rb:178:in `call'&#10;C:/Ruby25-x64/lib/ruby/gems/2.5.0/gems/commander-fastlane-4.4.6/lib/commander/command.rb:153:in `run'&#10;C:/Ruby25-x64/lib/ruby/gems/2.5.0/gems/commander-fastlane-4.4.6/lib/commander/runner.rb:476:in `run_active_command'&#10;C:/Ruby25-x64/lib/ruby/gems/2.5.0/gems/fastlane-2.104.0/fastlane_core/lib/fastlane_core/ui/fastlane_runner.rb:74:in `run!'&#10;C:/Ruby25-x64/lib/ruby/gems/2.5.0/gems/commander-fastlane-4.4.6/lib/commander/delegates.rb:15:in `run!'&#10;C:/Ruby25-x64/lib/ruby/gems/2.5.0/gems/fastlane-2.104.0/fastlane/lib/fastlane/commands_generator.rb:333:in `run'&#10;C:/Ruby25-x64/lib/ruby/gems/2.5.0/gems/fastlane-2.104.0/fastlane/lib/fastlane/commands_generator.rb:41:in `start'&#10;C:/Ruby25-x64/lib/ruby/gems/2.5.0/gems/fastlane-2.104.0/fastlane/lib/fastlane/cli_tools_distributor.rb:108:in `take_off'&#10;C:/Ruby25-x64/lib/ruby/gems/2.5.0/gems/fastlane-2.104.0/bin/fastlane:20:in `&lt;top (required)&gt;'&#10;C:/Ruby25-x64/bin/fastlane:23:in `load'&#10;C:/Ruby25-x64/bin/fastlane:23:in `&lt;main&gt;'&#10;&#10;Exit status of command 'D:/OverlayHelpApp/gradlew assembleRelease -p . -Pandroid.injected.signing.store.file=keystore.jks -Pandroid.injected.signing.store.password=password -Pandroid.injected.signing.key.alias=circleci -Pandroid.injected.signing.key.password=password' was 1 instead of 0.&#10;WARNING: Configuration 'compile' is obsolete and has been replaced with 'implementation' and 'api'.&#10;It will be removed at the end of 2018. For more information see: http://d.android.com/r/tools/update-dependency-configurations.html&#10;WARNING: Configuration 'androidTestCompile' is obsolete and has been replaced with 'androidTestImplementation' and 'androidTestApi'.&#10;It will be removed at the end of 2018. For more information see: http://d.android.com/r/tools/update-dependency-configurations.html&#10;WARNING: Configuration 'androidTestApi' is obsolete and has been replaced with 'androidTestImplementation'.&#10;It will be removed at the end of 2018. For more information see: http://d.android.com/r/tools/update-dependency-configurations.html&#10;registerResGeneratingTask is deprecated, use registerGeneratedResFolders(FileCollection)&#10;registerResGeneratingTask is deprecated, use registerGeneratedResFolders(FileCollection)&#10;:app:preBuild UP-TO-DATE&#10;:app:preReleaseBuild UP-TO-DATE&#10;:app:compileReleaseAidl UP-TO-DATE&#10;:app:compileReleaseRenderscript UP-TO-DATE&#10;:app:checkReleaseManifest UP-TO-DATE&#10;:app:generateReleaseBuildConfig UP-TO-DATE&#10;:app:prepareLintJar UP-TO-DATE&#10;:app:mainApkListPersistenceRelease UP-TO-DATE&#10;:app:mergeReleaseShaders UP-TO-DATE&#10;:app:compileReleaseShaders UP-TO-DATE&#10;:app:generateReleaseAssets UP-TO-DATE&#10;:app:mergeReleaseAssets UP-TO-DATE&#10;:app:processReleaseGoogleServices&#10;Parsing json file: D:\OverlayHelpApp\app\google-services.json&#10;:app:processReleaseGoogleServices FAILED&#10;&#10;FAILURE: Build failed with an exception.&#10;&#10;* What went wrong:&#10;Execution failed for task ':app:processReleaseGoogleServices'.&#10;&gt; No matching client found for package name 'com.mobiona.overlayhelpapp'&#10;&#10;* Try:&#10;Run with --stacktrace option to get the stack trace. Run with --info or --debug option to get more log output. Run with --scan to get full insights.&#10;&#10;* Get more help at https://help.gradle.org&#10;&#10;BUILD FAILED in 2s&#10;11 actionable tasks: 1 executed, 10 up-to-date&#10;" />
        
      </testcase>
    
  </testsuite>
</testsuites>
